# JRE version: OpenJDK Runtime Environment Temurin-17.0.4.1+1 (17.0.4.1+1) (build 17.0.4.1+1)
# Java VM: OpenJDK 64-Bit Server VM Temurin-17.0.4.1+1 (17.0.4.1+1, mixed mode, emulated-client, tiered, compressed oops, compressed class ptrs, g1 gc, windows-amd64)
GC Precious Log:
 CPUs: 16 total, 16 available
 Memory: 15791M
 Large Page Support: Disabled
 NUMA Support: Disabled
 Compressed Oops: Enabled (Zero based)
 Heap Region Size: 2M
 Heap Min Capacity: 8M
 Heap Initial Capacity: 248M
 Heap Max Capacity: 3948M
 Pre-touch: Disabled
 Parallel Workers: 13
 Concurrent Workers: 3
 Concurrent Refinement Workers: 13
 Periodic GC: Disabled
Heap:
 garbage-first heap   total 110592K, used 81859K [0x0000000709400000, 0x0000000800000000)
  region size 2048K, 26 young (53248K), 3 survivors (6144K)
 Metaspace       used 88110K, committed 88704K, reserved 1130496K
  class space    used 11349K, committed 11648K, reserved 1048576K
GC Heap History (20 events):
Event: 1121.972 GC heap after
{Heap after GC invocations=41 (full 2):
 garbage-first heap   total 116736K, used 42243K [0x0000000709400000, 0x0000000800000000)
  region size 2048K, 4 young (8192K), 4 survivors (8192K)
 Metaspace       used 87367K, committed 87936K, reserved 1130496K
  class space    used 11294K, committed 11584K, reserved 1048576K
}
Event: 1165.813 GC heap before
{Heap before GC invocations=41 (full 2):
 garbage-first heap   total 116736K, used 87299K [0x0000000709400000, 0x0000000800000000)
  region size 2048K, 27 young (55296K), 4 survivors (8192K)
 Metaspace       used 87667K, committed 88192K, reserved 1130496K
  class space    used 11325K, committed 11584K, reserved 1048576K
}
Event: 1165.816 GC heap after
{Heap after GC invocations=42 (full 2):
 garbage-first heap   total 116736K, used 41924K [0x0000000709400000, 0x0000000800000000)
  region size 2048K, 2 young (4096K), 2 survivors (4096K)
 Metaspace       used 87667K, committed 88192K, reserved 1130496K
  class space    used 11325K, committed 11584K, reserved 1048576K
}
Event: 1166.086 GC heap before
{Heap before GC invocations=42 (full 2):
 garbage-first heap   total 116736K, used 86980K [0x0000000709400000, 0x0000000800000000)
  region size 2048K, 25 young (51200K), 2 survivors (4096K)
 Metaspace       used 87775K, committed 88320K, reserved 1130496K
  class space    used 11334K, committed 11584K, reserved 1048576K
}
Event: 1166.089 GC heap after
{Heap after GC invocations=43 (full 2):
 garbage-first heap   total 116736K, used 43826K [0x0000000709400000, 0x0000000800000000)
  region size 2048K, 3 young (6144K), 3 survivors (6144K)
 Metaspace       used 87775K, committed 88320K, reserved 1130496K
  class space    used 11334K, committed 11584K, reserved 1048576K
}
Event: 1166.369 GC heap before
{Heap before GC invocations=43 (full 2):
 garbage-first heap   total 116736K, used 88882K [0x0000000709400000, 0x0000000800000000)
  region size 2048K, 25 young (51200K), 3 survivors (6144K)
 Metaspace       used 88016K, committed 88576K, reserved 1130496K
  class space    used 11349K, committed 11648K, reserved 1048576K
}
Event: 1166.371 GC heap after
{Heap after GC invocations=44 (full 2):
 garbage-first heap   total 116736K, used 45923K [0x0000000709400000, 0x0000000800000000)
  region size 2048K, 3 young (6144K), 3 survivors (6144K)
 Metaspace       used 88016K, committed 88576K, reserved 1130496K
  class space    used 11349K, committed 11648K, reserved 1048576K
}
Event: 1166.509 GC heap before
{Heap before GC invocations=44 (full 2):
 garbage-first heap   total 116736K, used 88931K [0x0000000709400000, 0x0000000800000000)
  region size 2048K, 24 young (49152K), 3 survivors (6144K)
 Metaspace       used 88304K, committed 88832K, reserved 1130496K
  class space    used 11368K, committed 11648K, reserved 1048576K
}
Event: 1166.512 GC heap after
{Heap after GC invocations=45 (full 2):
 garbage-first heap   total 116736K, used 47353K [0x0000000709400000, 0x0000000800000000)
  region size 2048K, 2 young (4096K), 2 survivors (4096K)
 Metaspace       used 88304K, committed 88832K, reserved 1130496K
  class space    used 11368K, committed 11648K, reserved 1048576K
}
Event: 1221.888 GC heap before
{Heap before GC invocations=45 (full 2):
 garbage-first heap   total 116736K, used 90361K [0x0000000709400000, 0x0000000800000000)
  region size 2048K, 23 young (47104K), 2 survivors (4096K)
 Metaspace       used 88347K, committed 88896K, reserved 1130496K
  class space    used 11374K, committed 11648K, reserved 1048576K
}
Event: 1221.892 GC heap after
{Heap after GC invocations=46 (full 2):
 garbage-first heap   total 116736K, used 49607K [0x0000000709400000, 0x0000000800000000)
  region size 2048K, 2 young (4096K), 2 survivors (4096K)
 Metaspace       used 88347K, committed 88896K, reserved 1130496K
  class space    used 11374K, committed 11648K, reserved 1048576K
}
Event: 1315.217 GC heap before
{Heap before GC invocations=46 (full 2):
 garbage-first heap   total 116736K, used 76231K [0x0000000709400000, 0x0000000800000000)
  region size 2048K, 16 young (32768K), 2 survivors (4096K)
 Metaspace       used 88349K, committed 88896K, reserved 1130496K
  class space    used 11375K, committed 11648K, reserved 1048576K
}
Event: 1315.260 GC heap after
{Heap after GC invocations=47 (full 3):
 garbage-first heap   total 110592K, used 27242K [0x0000000709400000, 0x0000000800000000)
  region size 2048K, 0 young (0K), 0 survivors (0K)
 Metaspace       used 87194K, committed 88512K, reserved 1130496K
  class space    used 11274K, committed 11648K, reserved 1048576K
}
Event: 1315.614 GC heap before
{Heap before GC invocations=47 (full 3):
 garbage-first heap   total 110592K, used 82538K [0x0000000709400000, 0x0000000800000000)
  region size 2048K, 27 young (55296K), 0 survivors (0K)
 Metaspace       used 87483K, committed 88512K, reserved 1130496K
  class space    used 11304K, committed 11648K, reserved 1048576K
}
Event: 1315.616 GC heap after
{Heap after GC invocations=48 (full 3):
 garbage-first heap   total 110592K, used 30892K [0x0000000709400000, 0x0000000800000000)
  region size 2048K, 2 young (4096K), 2 survivors (4096K)
 Metaspace       used 87483K, committed 88512K, reserved 1130496K
  class space    used 11304K, committed 11648K, reserved 1048576K
}
Event: 1316.335 GC heap before
{Heap before GC invocations=48 (full 3):
 garbage-first heap   total 110592K, used 82092K [0x0000000709400000, 0x0000000800000000)
  region size 2048K, 27 young (55296K), 2 survivors (4096K)
 Metaspace       used 87703K, committed 88512K, reserved 1130496K
  class space    used 11319K, committed 11648K, reserved 1048576K
}
Event: 1316.338 GC heap after
{Heap after GC invocations=49 (full 3):
 garbage-first heap   total 110592K, used 33386K [0x0000000709400000, 0x0000000800000000)
  region size 2048K, 3 young (6144K), 3 survivors (6144K)
 Metaspace       used 87703K, committed 88512K, reserved 1130496K
  class space    used 11319K, committed 11648K, reserved 1048576K
}
Event: 1316.491 GC heap before
{Heap before GC invocations=49 (full 3):
 garbage-first heap   total 110592K, used 82538K [0x0000000709400000, 0x0000000800000000)
  region size 2048K, 27 young (55296K), 3 survivors (6144K)
 Metaspace       used 88033K, committed 88576K, reserved 1130496K
  class space    used 11342K, committed 11648K, reserved 1048576K
}
Event: 1316.494 GC heap after
{Heap after GC invocations=50 (full 3):
 garbage-first heap   total 110592K, used 34755K [0x0000000709400000, 0x0000000800000000)
  region size 2048K, 3 young (6144K), 3 survivors (6144K)
 Metaspace       used 88033K, committed 88576K, reserved 1130496K
  class space    used 11342K, committed 11648K, reserved 1048576K
}
Event: 1368.985 GC heap before
{Heap before GC invocations=50 (full 3):
 garbage-first heap   total 110592K, used 81859K [0x0000000709400000, 0x0000000800000000)
  region size 2048K, 26 young (53248K), 3 survivors (6144K)
 Metaspace       used 88110K, committed 88704K, reserved 1130496K
  class space    used 11349K, committed 11648K, reserved 1048576K
}

